Arguments: 
  /home/travis/.nvm/versions/node/v8.11.3/bin/node /usr/local/bin/yarnpkg add bluebird lodash @ofa2/ofa2 @ofa2/ofa2-error @ofa2/ofa2-als @ofa2/ofa2-config @ofa2/ofa2-logger @ofa2/ofa2-koa @ofa2/ofa2-controller @ofa2/ofa2-koa-policy shortid @ofa2/ofa2-koa-route @ofa2/ofa2-koa-server @ofa2/ofa2-shutdown

PATH: 
  /home/travis/.rvm/gems/ruby-2.4.1/bin:/home/travis/.rvm/gems/ruby-2.4.1@global/bin:/home/travis/.rvm/rubies/ruby-2.4.1/bin:/home/travis/.rvm/bin:./node_modules/.bin:/home/travis/bin:/home/travis/.local/bin:/opt/pyenv/shims:/home/travis/.phpenv/shims:/home/travis/perl5/perlbrew/bin:/home/travis/.nvm/versions/node/v8.11.3/bin:/home/travis/.kiex/elixirs/elixir-1.4.5/bin:/home/travis/.kiex/bin:/home/travis/gopath/bin:/home/travis/.gimme/versions/go1.7.4.linux.amd64/bin:/usr/local/phantomjs/bin:/usr/local/phantomjs:/usr/local/neo4j-3.2.7/bin:/usr/local/maven-3.5.2/bin:/usr/local/cmake-3.9.2/bin:/usr/local/clang-5.0.0/bin:/usr/local/sbin:/usr/local/bin:/usr/sbin:/usr/bin:/sbin:/bin:/home/travis/.phpenv/bin:/opt/pyenv/bin:/home/travis/.yarn/bin

Yarn version: 
  1.3.2

Node version: 
  8.11.3

Platform: 
  linux x64

npm manifest: 
  {
    "name": "koaServer",
    "version": "1.0.0",
    "main": "index.js",
    "license": "MIT",
    "private": true,
    "scripts": {
      "lint": "./node_modules/.bin/eslint src/",
      "lint-fix": "./node_modules/.bin/eslint --fix src/"
    },
    "dependencies": {},
    "devDependencies": {
      "@babel/core": "^7.0.0-beta.46",
      "@babel/node": "^7.0.0-beta.46",
      "@babel/preset-env": "^7.0.0-beta.46",
      "del": "^3.0.0",
      "eslint": "^4.19.1",
      "eslint-config-airbnb-base": "^12.1.0",
      "eslint-plugin-import": "^2.11.0",
      "gulp": "4.0.0",
      "gulp-babel": "^8.0.0-beta.2",
      "gulp-cached": "^1.1.1",
      "gulp-eslint": "^4.0.2",
      "gulp-filter": "^5.1.0",
      "gulp-load-plugins": "^1.5.0",
      "gulp-remember": "^1.0.1",
      "gulp-replace": "^0.6.1",
      "gulp-sourcemaps": "^2.6.4",
      "node-notifier": "^5.2.1",
      "nodemon": "^1.17.4",
      "streamqueue": "^1.1.2"
    }
  }

yarn manifest: 
  No manifest

Lockfile: 
  No lockfile

Trace: 
  Error: https://registry.yarnpkg.com/pino/-/pino-4.17.3.tgz: ENOENT: no such file or directory, open '/home/travis/.cache/yarn/v1/npm-pino-4.17.3-3536ea36f6258356ba8891d18dbf1afed41fcf09/docs/API.md'
